Using pre-set license
Built from '2022.3/release' branch; Version is '2022.3.5f1 (9674261d40ee) revision 9860134'; Using compiler version '192829333'; Build Type 'Release'
OS: 'Windows 11  (10.0.22621) 64bit Core' Language: 'ko' Physical Memory: 32700 MB
BatchMode: 1, IsHumanControllingUs: 0, StartBugReporterOnCrash: 0, Is64bit: 1, IsPro: 1

COMMAND LINE ARGUMENTS:
C:\Program Files\Unity\Hub\Editor\2022.3.5f1\Editor\Unity.exe
-adb2
-batchMode
-noUpm
-name
AssetImportWorker4
-projectPath
D:/Unity_Project/ToonRender/ToonRender
-logFile
Logs/AssetImportWorker4.log
-srvPort
49383
Successfully changed project path to: D:/Unity_Project/ToonRender/ToonRender
D:/Unity_Project/ToonRender/ToonRender
[UnityMemory] Configuration Parameters - Can be set up in boot.config
    "memorysetup-bucket-allocator-granularity=16"
    "memorysetup-bucket-allocator-bucket-count=8"
    "memorysetup-bucket-allocator-block-size=33554432"
    "memorysetup-bucket-allocator-block-count=8"
    "memorysetup-main-allocator-block-size=16777216"
    "memorysetup-thread-allocator-block-size=16777216"
    "memorysetup-gfx-main-allocator-block-size=16777216"
    "memorysetup-gfx-thread-allocator-block-size=16777216"
    "memorysetup-cache-allocator-block-size=4194304"
    "memorysetup-typetree-allocator-block-size=2097152"
    "memorysetup-profiler-bucket-allocator-granularity=16"
    "memorysetup-profiler-bucket-allocator-bucket-count=8"
    "memorysetup-profiler-bucket-allocator-block-size=33554432"
    "memorysetup-profiler-bucket-allocator-block-count=8"
    "memorysetup-profiler-allocator-block-size=16777216"
    "memorysetup-profiler-editor-allocator-block-size=1048576"
    "memorysetup-temp-allocator-size-main=16777216"
    "memorysetup-job-temp-allocator-block-size=2097152"
    "memorysetup-job-temp-allocator-block-size-background=1048576"
    "memorysetup-job-temp-allocator-reduction-small-platforms=262144"
    "memorysetup-allocator-temp-initial-block-size-main=262144"
    "memorysetup-allocator-temp-initial-block-size-worker=262144"
    "memorysetup-temp-allocator-size-background-worker=32768"
    "memorysetup-temp-allocator-size-job-worker=262144"
    "memorysetup-temp-allocator-size-preload-manager=33554432"
    "memorysetup-temp-allocator-size-nav-mesh-worker=65536"
    "memorysetup-temp-allocator-size-audio-worker=65536"
    "memorysetup-temp-allocator-size-cloud-worker=32768"
    "memorysetup-temp-allocator-size-gi-baking-worker=262144"
    "memorysetup-temp-allocator-size-gfx=262144"
Player connection [37644] Host "[IP] 172.30.1.60 [Port] 0 [Flags] 2 [Guid] 1339595420 [EditorId] 1339595420 [Version] 1048832 [Id] WindowsEditor(7,sahaga) [Debug] 1 [PackageName] WindowsEditor [ProjectName] Editor" joined multi-casting on [225.0.0.222:54997]...

Player connection [37644] Host "[IP] 172.30.1.60 [Port] 0 [Flags] 2 [Guid] 1339595420 [EditorId] 1339595420 [Version] 1048832 [Id] WindowsEditor(7,sahaga) [Debug] 1 [PackageName] WindowsEditor [ProjectName] Editor" joined alternative multi-casting on [225.0.0.222:34997]...

Refreshing native plugins compatible for Editor in 8.43 ms, found 3 plugins.
Preloading 0 native plugins for Editor in 0.00 ms.
Initialize engine version: 2022.3.5f1 (9674261d40ee)
[Subsystems] Discovering subsystems at path C:/Program Files/Unity/Hub/Editor/2022.3.5f1/Editor/Data/Resources/UnitySubsystems
[Subsystems] Discovering subsystems at path D:/Unity_Project/ToonRender/ToonRender/Assets
GfxDevice: creating device client; threaded=0; jobified=0
Direct3D:
    Version:  Direct3D 11.0 [level 11.1]
    Renderer: NVIDIA GeForce RTX 3080 (ID=0x2206)
    Vendor:   NVIDIA
    VRAM:     10067 MB
    Driver:   31.0.15.3667
Initialize mono
Mono path[0] = 'C:/Program Files/Unity/Hub/Editor/2022.3.5f1/Editor/Data/Managed'
Mono path[1] = 'C:/Program Files/Unity/Hub/Editor/2022.3.5f1/Editor/Data/MonoBleedingEdge/lib/mono/unityjit-win32'
Mono config path = 'C:/Program Files/Unity/Hub/Editor/2022.3.5f1/Editor/Data/MonoBleedingEdge/etc'
Using monoOptions --debugger-agent=transport=dt_socket,embedding=1,server=y,suspend=n,address=127.0.0.1:56172
Begin MonoManager ReloadAssembly
Registering precompiled unity dll's ...
Register platform support module: C:/Program Files/Unity/Hub/Editor/2022.3.5f1/Editor/Data/PlaybackEngines/WindowsStandaloneSupport/UnityEditor.WindowsStandalone.Extensions.dll
Registered in 0.004396 seconds.
- Loaded All Assemblies, in  0.292 seconds
Native extension for WindowsStandalone target not found
Mono: successfully reloaded assembly
- Finished resetting the current domain, in  0.222 seconds
Domain Reload Profiling: 513ms
	BeginReloadAssembly (76ms)
		ExecutionOrderSort (0ms)
		DisableScriptedObjects (0ms)
		BackupInstance (0ms)
		ReleaseScriptingObjects (0ms)
		CreateAndSetChildDomain (1ms)
	RebuildCommonClasses (31ms)
	RebuildNativeTypeToScriptingClass (11ms)
	initialDomainReloadingComplete (48ms)
	LoadAllAssembliesAndSetupDomain (124ms)
		LoadAssemblies (75ms)
		RebuildTransferFunctionScriptingTraits (0ms)
		AnalyzeDomain (120ms)
			TypeCache.Refresh (119ms)
				TypeCache.ScanAssembly (109ms)
			ScanForSourceGeneratedMonoScriptInfo (0ms)
			ResolveRequiredComponents (0ms)
	FinalizeReload (222ms)
		ReleaseScriptCaches (0ms)
		RebuildScriptCaches (0ms)
		SetupLoadedEditorAssemblies (172ms)
			LogAssemblyErrors (0ms)
			InitializePlatformSupportModulesInManaged (7ms)
			SetLoadedEditorAssemblies (6ms)
			RefreshPlugins (0ms)
			BeforeProcessingInitializeOnLoad (2ms)
			ProcessInitializeOnLoadAttributes (115ms)
			ProcessInitializeOnLoadMethodAttributes (42ms)
			AfterProcessingInitializeOnLoad (0ms)
			EditorAssembliesLoaded (0ms)
		ExecutionOrderSort2 (0ms)
		AwakeInstancesAfterBackupRestoration (0ms)
========================================================================
Worker process is ready to serve import requests
Begin MonoManager ReloadAssembly
Symbol file LoadedFromMemory doesn't match image D:\Unity_Project\ToonRender\ToonRender\Library\PackageCache\com.unity.visualscripting@1.8.0\Editor\VisualScripting.Core\Dependencies\YamlDotNet\Unity.VisualScripting.YamlDotNet.dll
Symbol file LoadedFromMemory doesn't match image D:\Unity_Project\ToonRender\ToonRender\Library\PackageCache\com.unity.visualscripting@1.8.0\Editor\VisualScripting.Core\Dependencies\DotNetZip\Unity.VisualScripting.IonicZip.dll
- Loaded All Assemblies, in  0.700 seconds
Refreshing native plugins compatible for Editor in 1.71 ms, found 3 plugins.
Native extension for WindowsStandalone target not found
Mono: successfully reloaded assembly
- Finished resetting the current domain, in  0.501 seconds
Domain Reload Profiling: 1200ms
	BeginReloadAssembly (129ms)
		ExecutionOrderSort (0ms)
		DisableScriptedObjects (5ms)
		BackupInstance (0ms)
		ReleaseScriptingObjects (0ms)
		CreateAndSetChildDomain (22ms)
	RebuildCommonClasses (38ms)
	RebuildNativeTypeToScriptingClass (12ms)
	initialDomainReloadingComplete (39ms)
	LoadAllAssembliesAndSetupDomain (481ms)
		LoadAssemblies (250ms)
		RebuildTransferFunctionScriptingTraits (0ms)
		AnalyzeDomain (298ms)
			TypeCache.Refresh (270ms)
				TypeCache.ScanAssembly (257ms)
			ScanForSourceGeneratedMonoScriptInfo (20ms)
			ResolveRequiredComponents (8ms)
	FinalizeReload (501ms)
		ReleaseScriptCaches (0ms)
		RebuildScriptCaches (0ms)
		SetupLoadedEditorAssemblies (354ms)
			LogAssemblyErrors (0ms)
			InitializePlatformSupportModulesInManaged (5ms)
			SetLoadedEditorAssemblies (3ms)
			RefreshPlugins (0ms)
			BeforeProcessingInitializeOnLoad (56ms)
			ProcessInitializeOnLoadAttributes (222ms)
			ProcessInitializeOnLoadMethodAttributes (63ms)
			AfterProcessingInitializeOnLoad (5ms)
			EditorAssembliesLoaded (0ms)
		ExecutionOrderSort2 (0ms)
		AwakeInstancesAfterBackupRestoration (6ms)
database is locked
database is locked
Launched and connected shader compiler UnityShaderCompiler.exe after 0.07 seconds
Refreshing native plugins compatible for Editor in 2.74 ms, found 3 plugins.
Preloading 0 native plugins for Editor in 0.00 ms.
Unloading 4894 Unused Serialized files (Serialized files now loaded: 0)
Unloading 74 unused Assets / (0.8 MB). Loaded Objects now: 5346.
Memory consumption went from 197.0 MB to 196.3 MB.
Total: 7.157200 ms (FindLiveObjects: 0.959000 ms CreateObjectMapping: 0.197100 ms MarkObjects: 5.206700 ms  DeleteObjects: 0.792400 ms)

AssetImportParameters requested are different than current active one (requested -> active):
  custom:container-demuxer-ogg: 62fdf1f143b41e24485cea50d1cbac27 -> 
  custom:video-codec-MediaFoundation-h265: 746d11721c4dcdbdad8f713fa42b33f4 -> 
  custom:video-decoder-ogg-theora: a1e56fd34408186e4bbccfd4996cb3dc -> 
  custom:framework-win-MediaFoundation: 216162199b28c13a410421893ffa2e32 -> 
  custom:CustomObjectIndexerAttribute: a3ef5dd2817f97addfee359851a9dba5 -> 
  custom:container-demuxer-webm: 4f35f7cbe854078d1ac9338744f61a02 -> 
  custom:container-muxer-webm: aa71ff27fc2769a1b78a27578f13a17b -> 
  custom:video-decoder-webm-vp8: 9c59270c3fd7afecdb556c50c9e8de78 -> 
  custom:AudioImporter_EditorPlatform: d09bf68614088b80899f8185d706f6e7 -> 
  custom:video-encoder-webm-vp8: eb34c28f22e8b96e1ab97ce403110664 -> 
  custom:audio-decoder-ogg-vorbis: bf7c407c2cedff20999df2af8eb42d56 -> 
  custom:audio-encoder-webm-vorbis: bf7c407c2cedff20999df2af8eb42d56 -> 
========================================================================
Received Import Request.
  Time since last request: 510650.759314 seconds.
  path: Assets/ToonRender/ToonShader.shadergraph
  artifactKey: Guid(99bac3679dd4568449bb1e75b1b6e2f1) Importer(815301076,1909f56bfc062723c751e8b465ee728b)
Start importing Assets/ToonRender/ToonShader.shadergraph using Guid(99bac3679dd4568449bb1e75b1b6e2f1) Importer(815301076,1909f56bfc062723c751e8b465ee728b)  -> (artifact id: 'a25ddf70a96c0e1c802f415e3755c998') in 0.014127 seconds
Number of updated asset objects reloaded before import = 0
Number of asset objects unloaded after import = 2
========================================================================
Received Import Request.
  Time since last request: 295.213108 seconds.
  path: Assets/ToonRender/New Script Graph.asset
  artifactKey: Guid(abd3b3d337960714caf5f142832a5a3a) Importer(815301076,1909f56bfc062723c751e8b465ee728b)
Start importing Assets/ToonRender/New Script Graph.asset using Guid(abd3b3d337960714caf5f142832a5a3a) Importer(815301076,1909f56bfc062723c751e8b465ee728b)  -> (artifact id: '218432e6f5944dff94bea56f847b8fde') in 0.186334 seconds
Number of updated asset objects reloaded before import = 0
Number of asset objects unloaded after import = 1
========================================================================
Received Import Request.
  Time since last request: 67.625402 seconds.
  path: Assets/ToonRender/CustomLight.hlsl
  artifactKey: Guid(23ad960825d886242ac407b53082d005) Importer(815301076,1909f56bfc062723c751e8b465ee728b)
Start importing Assets/ToonRender/CustomLight.hlsl using Guid(23ad960825d886242ac407b53082d005) Importer(815301076,1909f56bfc062723c751e8b465ee728b)  -> (artifact id: 'd4b11401b66b271e0fd090b355e94bcc') in 0.001189 seconds
Number of updated asset objects reloaded before import = 0
Number of asset objects unloaded after import = 1
========================================================================
Received Import Request.
  Time since last request: 278.635484 seconds.
  path: Assets/ToonRender/CustomLight.hlsl
  artifactKey: Guid(23ad960825d886242ac407b53082d005) Importer(815301076,1909f56bfc062723c751e8b465ee728b)
Start importing Assets/ToonRender/CustomLight.hlsl using Guid(23ad960825d886242ac407b53082d005) Importer(815301076,1909f56bfc062723c751e8b465ee728b)  -> (artifact id: 'afc2cbe8cbd0e49c8cfde8003df17b11') in 0.001136 seconds
Number of updated asset objects reloaded before import = 0
Number of asset objects unloaded after import = 1
========================================================================
Received Import Request.
  Time since last request: 3230.649435 seconds.
  path: Assets/Barbarian/Models/Textures
  artifactKey: Guid(f0ae292f18a90f2409e6d9ab51aea825) Importer(815301076,1909f56bfc062723c751e8b465ee728b)
Start importing Assets/Barbarian/Models/Textures using Guid(f0ae292f18a90f2409e6d9ab51aea825) Importer(815301076,1909f56bfc062723c751e8b465ee728b)  -> (artifact id: '05ec31fa34908ce234afb0e3f4dfcaf3') in 0.007323 seconds
Number of updated asset objects reloaded before import = 0
Number of asset objects unloaded after import = 0
========================================================================
Received Import Request.
  Time since last request: 0.082384 seconds.
  path: Assets/Barbarian/Models/Textures/Body_Normal02.png
  artifactKey: Guid(ecb11c6cf0c03b74c8fd848e3417713f) Importer(815301076,1909f56bfc062723c751e8b465ee728b)
Start importing Assets/Barbarian/Models/Textures/Body_Normal02.png using Guid(ecb11c6cf0c03b74c8fd848e3417713f) Importer(815301076,1909f56bfc062723c751e8b465ee728b)  -> (artifact id: '8f4c26b199e773478890c594a647beb2') in 0.027730 seconds
Number of updated asset objects reloaded before import = 0
Number of asset objects unloaded after import = 1
========================================================================
Received Import Request.
  Time since last request: 5.082287 seconds.
  path: Assets/Barbarian/Models/Textures/Body_Normal02.png
  artifactKey: Guid(ecb11c6cf0c03b74c8fd848e3417713f) Importer(815301076,1909f56bfc062723c751e8b465ee728b)
Start importing Assets/Barbarian/Models/Textures/Body_Normal02.png using Guid(ecb11c6cf0c03b74c8fd848e3417713f) Importer(815301076,1909f56bfc062723c751e8b465ee728b)  -> (artifact id: '5f894170127bb482f219ec9f88ba1354') in 0.036853 seconds
Number of updated asset objects reloaded before import = 0
Number of asset objects unloaded after import = 1
========================================================================
Received Import Request.
  Time since last request: 85.411773 seconds.
  path: Assets/ToonRender/Basic
  artifactKey: Guid(4ed9af390a2d3c144813dcd0f958d460) Importer(815301076,1909f56bfc062723c751e8b465ee728b)
Start importing Assets/ToonRender/Basic using Guid(4ed9af390a2d3c144813dcd0f958d460) Importer(815301076,1909f56bfc062723c751e8b465ee728b)  -> (artifact id: 'e91f2f9e56dc56cc563a1c4dcf87a6d6') in 0.001352 seconds
Number of updated asset objects reloaded before import = 0
Number of asset objects unloaded after import = 0
========================================================================
Received Import Request.
  Time since last request: 16.026536 seconds.
  path: Assets/ToonRender/Basic/Body.mat
  artifactKey: Guid(11ba80af052703c4fa67bd374fd836ee) Importer(815301076,1909f56bfc062723c751e8b465ee728b)
Start importing Assets/ToonRender/Basic/Body.mat using Guid(11ba80af052703c4fa67bd374fd836ee) Importer(815301076,1909f56bfc062723c751e8b465ee728b)  -> (artifact id: 'f442e677ef760fecb7a5d40df66b4412') in 0.002871 seconds
Number of updated asset objects reloaded before import = 0
Number of asset objects unloaded after import = 1
========================================================================
Received Import Request.
  Time since last request: 0.809839 seconds.
  path: Assets/ToonRender/Basic/Body 1.mat
  artifactKey: Guid(0a297708dde5d8440a62ed8d97808542) Importer(815301076,1909f56bfc062723c751e8b465ee728b)
Start importing Assets/ToonRender/Basic/Body 1.mat using Guid(0a297708dde5d8440a62ed8d97808542) Importer(815301076,1909f56bfc062723c751e8b465ee728b)  -> (artifact id: '42851cbd13b94cb3062ffbbc8dab0be2') in 0.001198 seconds
Number of updated asset objects reloaded before import = 0
Number of asset objects unloaded after import = 1
========================================================================
Received Import Request.
  Time since last request: 0.422261 seconds.
  path: Assets/ToonRender/Basic/Body 2.mat
  artifactKey: Guid(6b0acf85ccc7a6d40bf9b2243154ecba) Importer(815301076,1909f56bfc062723c751e8b465ee728b)
Start importing Assets/ToonRender/Basic/Body 2.mat using Guid(6b0acf85ccc7a6d40bf9b2243154ecba) Importer(815301076,1909f56bfc062723c751e8b465ee728b)  -> (artifact id: '79521138f2619cdc5f46920d56218533') in 0.001503 seconds
Number of updated asset objects reloaded before import = 0
Number of asset objects unloaded after import = 1
========================================================================
Received Import Request.
  Time since last request: 13.661773 seconds.
  path: Assets/ToonRender/Basic/Acesso.mat
  artifactKey: Guid(0a297708dde5d8440a62ed8d97808542) Importer(815301076,1909f56bfc062723c751e8b465ee728b)
Start importing Assets/ToonRender/Basic/Acesso.mat using Guid(0a297708dde5d8440a62ed8d97808542) Importer(815301076,1909f56bfc062723c751e8b465ee728b)  -> (artifact id: '78e103a615ed54d507de6b4e60c2a2fb') in 0.001356 seconds
Number of updated asset objects reloaded before import = 0
Number of asset objects unloaded after import = 1
========================================================================
Received Import Request.
  Time since last request: 7.735525 seconds.
  path: Assets/ToonRender/Basic/Accessories.mat
  artifactKey: Guid(0a297708dde5d8440a62ed8d97808542) Importer(815301076,1909f56bfc062723c751e8b465ee728b)
Start importing Assets/ToonRender/Basic/Accessories.mat using Guid(0a297708dde5d8440a62ed8d97808542) Importer(815301076,1909f56bfc062723c751e8b465ee728b)  -> (artifact id: '403cce8102255692fd854eff644f7c28') in 0.001447 seconds
Number of updated asset objects reloaded before import = 0
Number of asset objects unloaded after import = 1
========================================================================
Received Import Request.
  Time since last request: 4.461933 seconds.
  path: Assets/ToonRender/Basic/Axe.mat
  artifactKey: Guid(6b0acf85ccc7a6d40bf9b2243154ecba) Importer(815301076,1909f56bfc062723c751e8b465ee728b)
Start importing Assets/ToonRender/Basic/Axe.mat using Guid(6b0acf85ccc7a6d40bf9b2243154ecba) Importer(815301076,1909f56bfc062723c751e8b465ee728b)  -> (artifact id: 'fe7223fa2eaf2509cd0d1a760a9999a9') in 0.001021 seconds
Number of updated asset objects reloaded before import = 0
Number of asset objects unloaded after import = 1
========================================================================
Received Import Request.
  Time since last request: 70.862504 seconds.
  path: Assets/Barbarian/Models/Materials
  artifactKey: Guid(dd9adc524882e6f4a92ac9c8293daac0) Importer(815301076,1909f56bfc062723c751e8b465ee728b)
Start importing Assets/Barbarian/Models/Materials using Guid(dd9adc524882e6f4a92ac9c8293daac0) Importer(815301076,1909f56bfc062723c751e8b465ee728b)  -> (artifact id: '6c9ebd579f3bda800b793eda6c74a297') in 0.000613 seconds
Number of updated asset objects reloaded before import = 0
Number of asset objects unloaded after import = 0
========================================================================
Received Import Request.
  Time since last request: 0.054595 seconds.
  path: Assets/Barbarian/Models/Materials/Accessories_Color.mat
  artifactKey: Guid(0445816b09919c74ead2df9a0fc65e17) Importer(815301076,1909f56bfc062723c751e8b465ee728b)
Start importing Assets/Barbarian/Models/Materials/Accessories_Color.mat using Guid(0445816b09919c74ead2df9a0fc65e17) Importer(815301076,1909f56bfc062723c751e8b465ee728b)  -> (artifact id: '8bb9a48d2a07831674d131ce6fbeee7b') in 0.001853 seconds
Number of updated asset objects reloaded before import = 0
Number of asset objects unloaded after import = 1
========================================================================
Received Import Request.
  Time since last request: 0.002753 seconds.
  path: Assets/Barbarian/Models/Materials/eye_R1.mat
  artifactKey: Guid(bf152e0647e91ca41a9ea84cc5360cf0) Importer(815301076,1909f56bfc062723c751e8b465ee728b)
Start importing Assets/Barbarian/Models/Materials/eye_R1.mat using Guid(bf152e0647e91ca41a9ea84cc5360cf0) Importer(815301076,1909f56bfc062723c751e8b465ee728b)  -> (artifact id: 'c9e72853d3c883c74c1ff9a3617e59e0') in 0.001406 seconds
Number of updated asset objects reloaded before import = 0
Number of asset objects unloaded after import = 1
========================================================================
Received Import Request.
  Time since last request: 0.011904 seconds.
  path: Assets/Barbarian/Models/Materials/eyeline.mat
  artifactKey: Guid(d4ab7e6ebc9c6524ab779f33c8aecd38) Importer(815301076,1909f56bfc062723c751e8b465ee728b)
Start importing Assets/Barbarian/Models/Materials/eyeline.mat using Guid(d4ab7e6ebc9c6524ab779f33c8aecd38) Importer(815301076,1909f56bfc062723c751e8b465ee728b)  -> (artifact id: 'ccfc85fadb687de62f86d36b89a455ea') in 0.001179 seconds
Number of updated asset objects reloaded before import = 0
Number of asset objects unloaded after import = 1
========================================================================
Received Import Request.
  Time since last request: 0.004647 seconds.
  path: Assets/Barbarian/Models/Materials/eyebase.mat
  artifactKey: Guid(c2a37abe15acef24fb2692d575d7410b) Importer(815301076,1909f56bfc062723c751e8b465ee728b)
Start importing Assets/Barbarian/Models/Materials/eyebase.mat using Guid(c2a37abe15acef24fb2692d575d7410b) Importer(815301076,1909f56bfc062723c751e8b465ee728b)  -> (artifact id: '3d0397b9ecdf8f56cbb19f91d7cbe20c') in 0.002397 seconds
Number of updated asset objects reloaded before import = 0
Number of asset objects unloaded after import = 1
========================================================================
Received Import Request.
  Time since last request: 0.000124 seconds.
  path: Assets/Barbarian/Models/Materials/Eyeball.mat
  artifactKey: Guid(e71a1cd9037fc904699892c6e3dbebdf) Importer(815301076,1909f56bfc062723c751e8b465ee728b)
Start importing Assets/Barbarian/Models/Materials/Eyeball.mat using Guid(e71a1cd9037fc904699892c6e3dbebdf) Importer(815301076,1909f56bfc062723c751e8b465ee728b)  -> (artifact id: '6d2c96e0e784ecbed680d68b4d77ad01') in 0.001501 seconds
Number of updated asset objects reloaded before import = 0
Number of asset objects unloaded after import = 1
========================================================================
Received Import Request.
  Time since last request: 0.000024 seconds.
  path: Assets/Barbarian/Models/Materials/Left.mat
  artifactKey: Guid(f9e3a7e8ae96ffb449b6e4b1d1e3c641) Importer(815301076,1909f56bfc062723c751e8b465ee728b)
Start importing Assets/Barbarian/Models/Materials/Left.mat using Guid(f9e3a7e8ae96ffb449b6e4b1d1e3c641) Importer(815301076,1909f56bfc062723c751e8b465ee728b)  -> (artifact id: 'f8af4b08f69ce1db8afe011197581d9d') in 0.001055 seconds
Number of updated asset objects reloaded before import = 0
Number of asset objects unloaded after import = 1
========================================================================
Received Import Request.
  Time since last request: 0.000078 seconds.
  path: Assets/Barbarian/Models/Materials/face.mat
  artifactKey: Guid(91539e7d927efa04c922dc3548bb897f) Importer(815301076,1909f56bfc062723c751e8b465ee728b)
Start importing Assets/Barbarian/Models/Materials/face.mat using Guid(91539e7d927efa04c922dc3548bb897f) Importer(815301076,1909f56bfc062723c751e8b465ee728b)  -> (artifact id: '4336284a3422c5afed4e7426c2e4de86') in 0.001454 seconds
Number of updated asset objects reloaded before import = 0
Number of asset objects unloaded after import = 1
========================================================================
Received Import Request.
  Time since last request: 0.000086 seconds.
  path: Assets/Barbarian/Models/Materials/eye_L1.mat
  artifactKey: Guid(2bf4665455842854a9f88a9863769717) Importer(815301076,1909f56bfc062723c751e8b465ee728b)
Start importing Assets/Barbarian/Models/Materials/eye_L1.mat using Guid(2bf4665455842854a9f88a9863769717) Importer(815301076,1909f56bfc062723c751e8b465ee728b)  -> (artifact id: 'c3544b80a2cc692cea006dd456608d7a') in 0.001112 seconds
Number of updated asset objects reloaded before import = 0
Number of asset objects unloaded after import = 1
========================================================================
Received Import Request.
  Time since last request: 0.000047 seconds.
  path: Assets/Barbarian/Models/Materials/Right.mat
  artifactKey: Guid(16ab165a9bfbce24d8c1d39350be5e03) Importer(815301076,1909f56bfc062723c751e8b465ee728b)
Start importing Assets/Barbarian/Models/Materials/Right.mat using Guid(16ab165a9bfbce24d8c1d39350be5e03) Importer(815301076,1909f56bfc062723c751e8b465ee728b)  -> (artifact id: 'f0e352a6a0be9595f5adfc62cc07b1ce') in 0.001379 seconds
Number of updated asset objects reloaded before import = 0
Number of asset objects unloaded after import = 1
========================================================================
Received Import Request.
  Time since last request: 0.000017 seconds.
  path: Assets/Barbarian/Models/Materials/lambert1.mat
  artifactKey: Guid(b05c6f0444b771e4c94ea60e1d9c7c3f) Importer(815301076,1909f56bfc062723c751e8b465ee728b)
Start importing Assets/Barbarian/Models/Materials/lambert1.mat using Guid(b05c6f0444b771e4c94ea60e1d9c7c3f) Importer(815301076,1909f56bfc062723c751e8b465ee728b)  -> (artifact id: 'c183f1bb95c6677e8b779bd5ee3ee0d7') in 0.001187 seconds
Number of updated asset objects reloaded before import = 0
Number of asset objects unloaded after import = 1
Editor requested this worker to shutdown with reason: Scaling down because of idle timeout
TcpMessagingSession - receive error: operation aborted. errorcode: 995, details: 스레드 종료 또는 응용 프로그램 요청 때문에 I/O 작업이 취소되었습니다.
AssetImportWorker is now disconnected from the server
Process exiting
Exiting without the bug reporter. Application will terminate with return code 0